# JRE version: Java(TM) SE Runtime Environment (21.0.5+9) (build 21.0.5+9-LTS-239)
# Java VM: Java HotSpot(TM) 64-Bit Server VM (21.0.5+9-LTS-239, mixed mode, emulated-client, tiered, compressed oops, compressed class ptrs, g1 gc, windows-amd64)
GC Precious Log:
 CardTable entry size: 512
 Card Set container configuration: InlinePtr #cards 4 size 8 Array Of Cards #cards 16 size 48 Howl #buckets 8 coarsen threshold 3686 Howl Bitmap #cards 512 size 80 coarsen threshold 460 Card regions per heap region 1 cards per card region 4096
 CPUs: 16 total, 16 available
 Memory: 15724M
 Large Page Support: Disabled
 NUMA Support: Disabled
 Compressed Oops: Enabled (Zero based)
 Heap Region Size: 2M
 Heap Min Capacity: 8M
 Heap Initial Capacity: 246M
 Heap Max Capacity: 3932M
 Pre-touch: Disabled
 Parallel Workers: 13
 Concurrent Workers: 3
 Concurrent Refinement Workers: 13
 Periodic GC: Disabled
Heap:
 garbage-first heap   total 106496K, used 77375K [0x00000006ca400000, 0x00000007c0000000)
  region size 2048K, 26 young (53248K), 4 survivors (8192K)
 Metaspace       used 81691K, committed 82688K, reserved 1179648K
  class space    used 9550K, committed 9984K, reserved 1048576K
GC Heap History (20 events):
Event: 1.797 GC heap before
{Heap before GC invocations=7 (full 0):
 garbage-first heap   total 57344K, used 41489K [0x00000006ca400000, 0x00000007c0000000)
  region size 2048K, 14 young (28672K), 2 survivors (4096K)
 Metaspace       used 33983K, committed 34688K, reserved 1114112K
  class space    used 3899K, committed 4224K, reserved 1048576K
}
Event: 1.801 GC heap after
{Heap after GC invocations=8 (full 0):
 garbage-first heap   total 57344K, used 19532K [0x00000006ca400000, 0x00000007c0000000)
  region size 2048K, 1 young (2048K), 1 survivors (2048K)
 Metaspace       used 33983K, committed 34688K, reserved 1114112K
  class space    used 3899K, committed 4224K, reserved 1048576K
}
Event: 2.054 GC heap before
{Heap before GC invocations=8 (full 0):
 garbage-first heap   total 57344K, used 46156K [0x00000006ca400000, 0x00000007c0000000)
  region size 2048K, 14 young (28672K), 1 survivors (2048K)
 Metaspace       used 37923K, committed 38656K, reserved 1114112K
  class space    used 4339K, committed 4672K, reserved 1048576K
}
Event: 2.058 GC heap after
{Heap after GC invocations=9 (full 0):
 garbage-first heap   total 155648K, used 20560K [0x00000006ca400000, 0x00000007c0000000)
  region size 2048K, 2 young (4096K), 2 survivors (4096K)
 Metaspace       used 37923K, committed 38656K, reserved 1114112K
  class space    used 4339K, committed 4672K, reserved 1048576K
}
Event: 2.175 GC heap before
{Heap before GC invocations=9 (full 0):
 garbage-first heap   total 155648K, used 32848K [0x00000006ca400000, 0x00000007c0000000)
  region size 2048K, 10 young (20480K), 2 survivors (4096K)
 Metaspace       used 40182K, committed 40896K, reserved 1114112K
  class space    used 4675K, committed 4992K, reserved 1048576K
}
Event: 2.178 GC heap after
{Heap after GC invocations=10 (full 0):
 garbage-first heap   total 155648K, used 21297K [0x00000006ca400000, 0x00000007c0000000)
  region size 2048K, 2 young (4096K), 2 survivors (4096K)
 Metaspace       used 40182K, committed 40896K, reserved 1114112K
  class space    used 4675K, committed 4992K, reserved 1048576K
}
Event: 2.613 GC heap before
{Heap before GC invocations=11 (full 0):
 garbage-first heap   total 81920K, used 78641K [0x00000006ca400000, 0x00000007c0000000)
  region size 2048K, 31 young (63488K), 2 survivors (4096K)
 Metaspace       used 48562K, committed 49344K, reserved 1114112K
  class space    used 5641K, committed 6016K, reserved 1048576K
}
Event: 2.617 GC heap after
{Heap after GC invocations=12 (full 0):
 garbage-first heap   total 88064K, used 23301K [0x00000006ca400000, 0x00000007c0000000)
  region size 2048K, 3 young (6144K), 3 survivors (6144K)
 Metaspace       used 48562K, committed 49344K, reserved 1114112K
  class space    used 5641K, committed 6016K, reserved 1048576K
}
Event: 2.814 GC heap before
{Heap before GC invocations=12 (full 0):
 garbage-first heap   total 88064K, used 66309K [0x00000006ca400000, 0x00000007c0000000)
  region size 2048K, 25 young (51200K), 3 survivors (6144K)
 Metaspace       used 53661K, committed 54464K, reserved 1114112K
  class space    used 6256K, committed 6592K, reserved 1048576K
}
Event: 2.819 GC heap after
{Heap after GC invocations=13 (full 0):
 garbage-first heap   total 88064K, used 23933K [0x00000006ca400000, 0x00000007c0000000)
  region size 2048K, 3 young (6144K), 3 survivors (6144K)
 Metaspace       used 53661K, committed 54464K, reserved 1114112K
  class space    used 6256K, committed 6592K, reserved 1048576K
}
Event: 3.298 GC heap before
{Heap before GC invocations=13 (full 0):
 garbage-first heap   total 88064K, used 68989K [0x00000006ca400000, 0x00000007c0000000)
  region size 2048K, 25 young (51200K), 3 survivors (6144K)
 Metaspace       used 56926K, committed 57792K, reserved 1114112K
  class space    used 6641K, committed 7040K, reserved 1048576K
}
Event: 3.304 GC heap after
{Heap after GC invocations=14 (full 0):
 garbage-first heap   total 88064K, used 25480K [0x00000006ca400000, 0x00000007c0000000)
  region size 2048K, 3 young (6144K), 3 survivors (6144K)
 Metaspace       used 56926K, committed 57792K, reserved 1114112K
  class space    used 6641K, committed 7040K, reserved 1048576K
}
Event: 3.716 GC heap before
{Heap before GC invocations=14 (full 0):
 garbage-first heap   total 88064K, used 70536K [0x00000006ca400000, 0x00000007c0000000)
  region size 2048K, 25 young (51200K), 3 survivors (6144K)
 Metaspace       used 61433K, committed 62272K, reserved 1114112K
  class space    used 7180K, committed 7552K, reserved 1048576K
}
Event: 3.723 GC heap after
{Heap after GC invocations=15 (full 0):
 garbage-first heap   total 106496K, used 27777K [0x00000006ca400000, 0x00000007c0000000)
  region size 2048K, 3 young (6144K), 3 survivors (6144K)
 Metaspace       used 61433K, committed 62272K, reserved 1114112K
  class space    used 7180K, committed 7552K, reserved 1048576K
}
Event: 4.177 GC heap before
{Heap before GC invocations=15 (full 0):
 garbage-first heap   total 106496K, used 74881K [0x00000006ca400000, 0x00000007c0000000)
  region size 2048K, 27 young (55296K), 3 survivors (6144K)
 Metaspace       used 67404K, committed 68224K, reserved 1114112K
  class space    used 7850K, committed 8192K, reserved 1048576K
}
Event: 4.184 GC heap after
{Heap after GC invocations=16 (full 0):
 garbage-first heap   total 106496K, used 29997K [0x00000006ca400000, 0x00000007c0000000)
  region size 2048K, 3 young (6144K), 3 survivors (6144K)
 Metaspace       used 67404K, committed 68224K, reserved 1114112K
  class space    used 7850K, committed 8192K, reserved 1048576K
}
Event: 4.833 GC heap before
{Heap before GC invocations=17 (full 0):
 garbage-first heap   total 106496K, used 85293K [0x00000006ca400000, 0x00000007c0000000)
  region size 2048K, 31 young (63488K), 3 survivors (6144K)
 Metaspace       used 73103K, committed 73920K, reserved 1114112K
  class space    used 8529K, committed 8896K, reserved 1048576K
}
Event: 4.836 GC heap after
{Heap after GC invocations=18 (full 0):
 garbage-first heap   total 106496K, used 33360K [0x00000006ca400000, 0x00000007c0000000)
  region size 2048K, 3 young (6144K), 3 survivors (6144K)
 Metaspace       used 73103K, committed 73920K, reserved 1114112K
  class space    used 8529K, committed 8896K, reserved 1048576K
}
Event: 5.317 GC heap before
{Heap before GC invocations=18 (full 0):
 garbage-first heap   total 106496K, used 90704K [0x00000006ca400000, 0x00000007c0000000)
  region size 2048K, 31 young (63488K), 3 survivors (6144K)
 Metaspace       used 77195K, committed 78144K, reserved 1179648K
  class space    used 9029K, committed 9472K, reserved 1048576K
}
Event: 5.323 GC heap after
{Heap after GC invocations=19 (full 0):
 garbage-first heap   total 106496K, used 36415K [0x00000006ca400000, 0x00000007c0000000)
  region size 2048K, 4 young (8192K), 4 survivors (8192K)
 Metaspace       used 77195K, committed 78144K, reserved 1179648K
  class space    used 9029K, committed 9472K, reserved 1048576K
}

